The target system is: Android - 21 - armv7-a
The host system is: Linux - 4.4.0-47-generic - x86_64
Determining if the C compiler works passed with the following output:
Change Dir: /home/source_codes/RunBuddy/RunBuddyExample/.externalNativeBuild/cmake/release/armeabi-v7a/CMakeFiles/CMakeTmp

Run Build Command:"/root/Android/Sdk/cmake/3.6.3155560/bin/ninja" "cmTC_2e9c1"
[1/2] Building C object CMakeFiles/cmTC_2e9c1.dir/testCCompiler.c.o
[2/2] Linking C executable cmTC_2e9c1


Detecting C compiler ABI info compiled with the following output:
Change Dir: /home/source_codes/RunBuddy/RunBuddyExample/.externalNativeBuild/cmake/release/armeabi-v7a/CMakeFiles/CMakeTmp

Run Build Command:"/root/Android/Sdk/cmake/3.6.3155560/bin/ninja" "cmTC_e2d1e"
[1/2] Building C object CMakeFiles/cmTC_e2d1e.dir/CMakeCCompilerABI.c.o
[2/2] Linking C executable cmTC_e2d1e
Android clang version 3.8.256229  (based on LLVM 3.8.256229)
Target: armv7-none-linux-android
Thread model: posix
InstalledDir: /root/Android/Sdk/ndk-bundle/toolchains/llvm/prebuilt/linux-x86_64/bin
Found candidate GCC installation: /root/Android/Sdk/ndk-bundle/toolchains/arm-linux-androideabi-4.9/prebuilt/linux-x86_64/lib/gcc/arm-linux-androideabi/4.9.x
Selected GCC installation: /root/Android/Sdk/ndk-bundle/toolchains/arm-linux-androideabi-4.9/prebuilt/linux-x86_64/lib/gcc/arm-linux-androideabi/4.9.x
Candidate multilib: .;@m32
Selected multilib: .;@m32
 "/root/Android/Sdk/ndk-bundle/toolchains/arm-linux-androideabi-4.9/prebuilt/linux-x86_64/lib/gcc/arm-linux-androideabi/4.9.x/../../../../arm-linux-androideabi/bin/ld" --sysroot=/root/Android/Sdk/ndk-bundle/platforms/android-21/arch-arm -pie -z relro -X --build-id --eh-frame-hdr -m armelf_linux_eabi -dynamic-linker /system/bin/linker -o cmTC_e2d1e /root/Android/Sdk/ndk-bundle/platforms/android-21/arch-arm/usr/lib/../lib/crtbegin_dynamic.o -L/root/Android/Sdk/ndk-bundle/toolchains/arm-linux-androideabi-4.9/prebuilt/linux-x86_64/lib/gcc/arm-linux-androideabi/4.9.x -L/root/Android/Sdk/ndk-bundle/toolchains/arm-linux-androideabi-4.9/prebuilt/linux-x86_64/lib/gcc/arm-linux-androideabi/4.9.x/../../../../arm-linux-androideabi/lib/../lib -L/root/Android/Sdk/ndk-bundle/platforms/android-21/arch-arm/usr/lib/../lib -L/root/Android/Sdk/ndk-bundle/toolchains/arm-linux-androideabi-4.9/prebuilt/linux-x86_64/lib/gcc/arm-linux-androideabi/4.9.x/../../../../arm-linux-androideabi/lib -L/root/Android/Sdk/ndk-bundle/platforms/android-21/arch-arm/usr/lib --build-id --warn-shared-textrel --fatal-warnings --fix-cortex-a8 --no-undefined -z noexecstack -z relro -z now --gc-sections -z nocopyreloc --build-id --warn-shared-textrel --fatal-warnings --fix-cortex-a8 --no-undefined -z noexecstack -z relro -z now --gc-sections -z nocopyreloc CMakeFiles/cmTC_e2d1e.dir/CMakeCCompilerABI.c.o -lgcc -ldl -lc -lgcc -ldl /root/Android/Sdk/ndk-bundle/platforms/android-21/arch-arm/usr/lib/../lib/crtend_android.o


Parsed C implicit link information from above output:
  link line regex: [^( *|.*[/\])(arm-linux-androideabi-ld|([^/\]+-)?ld|collect2)[^/\]*( |$)]
  ignore line: [Change Dir: /home/source_codes/RunBuddy/RunBuddyExample/.externalNativeBuild/cmake/release/armeabi-v7a/CMakeFiles/CMakeTmp]
  ignore line: []
  ignore line: [Run Build Command:"/root/Android/Sdk/cmake/3.6.3155560/bin/ninja" "cmTC_e2d1e"]
  ignore line: [[1/2] Building C object CMakeFiles/cmTC_e2d1e.dir/CMakeCCompilerABI.c.o]
  ignore line: [[2/2] Linking C executable cmTC_e2d1e]
  ignore line: [Android clang version 3.8.256229  (based on LLVM 3.8.256229)]
  ignore line: [Target: armv7-none-linux-android]
  ignore line: [Thread model: posix]
  ignore line: [InstalledDir: /root/Android/Sdk/ndk-bundle/toolchains/llvm/prebuilt/linux-x86_64/bin]
  ignore line: [Found candidate GCC installation: /root/Android/Sdk/ndk-bundle/toolchains/arm-linux-androideabi-4.9/prebuilt/linux-x86_64/lib/gcc/arm-linux-androideabi/4.9.x]
  ignore line: [Selected GCC installation: /root/Android/Sdk/ndk-bundle/toolchains/arm-linux-androideabi-4.9/prebuilt/linux-x86_64/lib/gcc/arm-linux-androideabi/4.9.x]
  ignore line: [Candidate multilib: .]
  ignore line: [@m32]
  ignore line: [Selected multilib: .]
  ignore line: [@m32]
  link line: [ "/root/Android/Sdk/ndk-bundle/toolchains/arm-linux-androideabi-4.9/prebuilt/linux-x86_64/lib/gcc/arm-linux-androideabi/4.9.x/../../../../arm-linux-androideabi/bin/ld" --sysroot=/root/Android/Sdk/ndk-bundle/platforms/android-21/arch-arm -pie -z relro -X --build-id --eh-frame-hdr -m armelf_linux_eabi -dynamic-linker /system/bin/linker -o cmTC_e2d1e /root/Android/Sdk/ndk-bundle/platforms/android-21/arch-arm/usr/lib/../lib/crtbegin_dynamic.o -L/root/Android/Sdk/ndk-bundle/toolchains/arm-linux-androideabi-4.9/prebuilt/linux-x86_64/lib/gcc/arm-linux-androideabi/4.9.x -L/root/Android/Sdk/ndk-bundle/toolchains/arm-linux-androideabi-4.9/prebuilt/linux-x86_64/lib/gcc/arm-linux-androideabi/4.9.x/../../../../arm-linux-androideabi/lib/../lib -L/root/Android/Sdk/ndk-bundle/platforms/android-21/arch-arm/usr/lib/../lib -L/root/Android/Sdk/ndk-bundle/toolchains/arm-linux-androideabi-4.9/prebuilt/linux-x86_64/lib/gcc/arm-linux-androideabi/4.9.x/../../../../arm-linux-androideabi/lib -L/root/Android/Sdk/ndk-bundle/platforms/android-21/arch-arm/usr/lib --build-id --warn-shared-textrel --fatal-warnings --fix-cortex-a8 --no-undefined -z noexecstack -z relro -z now --gc-sections -z nocopyreloc --build-id --warn-shared-textrel --fatal-warnings --fix-cortex-a8 --no-undefined -z noexecstack -z relro -z now --gc-sections -z nocopyreloc CMakeFiles/cmTC_e2d1e.dir/CMakeCCompilerABI.c.o -lgcc -ldl -lc -lgcc -ldl /root/Android/Sdk/ndk-bundle/platforms/android-21/arch-arm/usr/lib/../lib/crtend_android.o]
    arg [/root/Android/Sdk/ndk-bundle/toolchains/arm-linux-androideabi-4.9/prebuilt/linux-x86_64/lib/gcc/arm-linux-androideabi/4.9.x/../../../../arm-linux-androideabi/bin/ld] ==> ignore
    arg [--sysroot=/root/Android/Sdk/ndk-bundle/platforms/android-21/arch-arm] ==> ignore
    arg [-pie] ==> ignore
    arg [-zrelro] ==> ignore
    arg [-X] ==> ignore
    arg [--build-id] ==> ignore
    arg [--eh-frame-hdr] ==> ignore
    arg [-m] ==> ignore
    arg [armelf_linux_eabi] ==> ignore
    arg [-dynamic-linker] ==> ignore
    arg [/system/bin/linker] ==> ignore
    arg [-o] ==> ignore
    arg [cmTC_e2d1e] ==> ignore
    arg [/root/Android/Sdk/ndk-bundle/platforms/android-21/arch-arm/usr/lib/../lib/crtbegin_dynamic.o] ==> ignore
    arg [-L/root/Android/Sdk/ndk-bundle/toolchains/arm-linux-androideabi-4.9/prebuilt/linux-x86_64/lib/gcc/arm-linux-androideabi/4.9.x] ==> dir [/root/Android/Sdk/ndk-bundle/toolchains/arm-linux-androideabi-4.9/prebuilt/linux-x86_64/lib/gcc/arm-linux-androideabi/4.9.x]
    arg [-L/root/Android/Sdk/ndk-bundle/toolchains/arm-linux-androideabi-4.9/prebuilt/linux-x86_64/lib/gcc/arm-linux-androideabi/4.9.x/../../../../arm-linux-androideabi/lib/../lib] ==> dir [/root/Android/Sdk/ndk-bundle/toolchains/arm-linux-androideabi-4.9/prebuilt/linux-x86_64/lib/gcc/arm-linux-androideabi/4.9.x/../../../../arm-linux-androideabi/lib/../lib]
    arg [-L/root/Android/Sdk/ndk-bundle/platforms/android-21/arch-arm/usr/lib/../lib] ==> dir [/root/Android/Sdk/ndk-bundle/platforms/android-21/arch-arm/usr/lib/../lib]
    arg [-L/root/Android/Sdk/ndk-bundle/toolchains/arm-linux-androideabi-4.9/prebuilt/linux-x86_64/lib/gcc/arm-linux-androideabi/4.9.x/../../../../arm-linux-androideabi/lib] ==> dir [/root/Android/Sdk/ndk-bundle/toolchains/arm-linux-androideabi-4.9/prebuilt/linux-x86_64/lib/gcc/arm-linux-androideabi/4.9.x/../../../../arm-linux-androideabi/lib]
    arg [-L/root/Android/Sdk/ndk-bundle/platforms/android-21/arch-arm/usr/lib] ==> dir [/root/Android/Sdk/ndk-bundle/platforms/android-21/arch-arm/usr/lib]
    arg [--build-id] ==> ignore
    arg [--warn-shared-textrel] ==> ignore
    arg [--fatal-warnings] ==> ignore
    arg [--fix-cortex-a8] ==> ignore
    arg [--no-undefined] ==> ignore
    arg [-znoexecstack] ==> ignore
    arg [-zrelro] ==> ignore
    arg [-znow] ==> ignore
    arg [--gc-sections] ==> ignore
    arg [-znocopyreloc] ==> ignore
    arg [--build-id] ==> ignore
    arg [--warn-shared-textrel] ==> ignore
    arg [--fatal-warnings] ==> ignore
    arg [--fix-cortex-a8] ==> ignore
    arg [--no-undefined] ==> ignore
    arg [-znoexecstack] ==> ignore
    arg [-zrelro] ==> ignore
    arg [-znow] ==> ignore
    arg [--gc-sections] ==> ignore
    arg [-znocopyreloc] ==> ignore
    arg [CMakeFiles/cmTC_e2d1e.dir/CMakeCCompilerABI.c.o] ==> ignore
    arg [-lgcc] ==> lib [gcc]
    arg [-ldl] ==> lib [dl]
    arg [-lc] ==> lib [c]
    arg [-lgcc] ==> lib [gcc]
    arg [-ldl] ==> lib [dl]
    arg [/root/Android/Sdk/ndk-bundle/platforms/android-21/arch-arm/usr/lib/../lib/crtend_android.o] ==> ignore
  remove lib [gcc]
  remove lib [gcc]
  collapse library dir [/root/Android/Sdk/ndk-bundle/toolchains/arm-linux-androideabi-4.9/prebuilt/linux-x86_64/lib/gcc/arm-linux-androideabi/4.9.x] ==> [/root/Android/Sdk/ndk-bundle/toolchains/arm-linux-androideabi-4.9/prebuilt/linux-x86_64/lib/gcc/arm-linux-androideabi/4.9.x]
  collapse library dir [/root/Android/Sdk/ndk-bundle/toolchains/arm-linux-androideabi-4.9/prebuilt/linux-x86_64/lib/gcc/arm-linux-androideabi/4.9.x/../../../../arm-linux-androideabi/lib/../lib] ==> [/root/Android/Sdk/ndk-bundle/toolchains/arm-linux-androideabi-4.9/prebuilt/linux-x86_64/arm-linux-androideabi/lib]
  collapse library dir [/root/Android/Sdk/ndk-bundle/platforms/android-21/arch-arm/usr/lib/../lib] ==> [/root/Android/Sdk/ndk-bundle/platforms/android-21/arch-arm/usr/lib]
  collapse library dir [/root/Android/Sdk/ndk-bundle/toolchains/arm-linux-androideabi-4.9/prebuilt/linux-x86_64/lib/gcc/arm-linux-androideabi/4.9.x/../../../../arm-linux-androideabi/lib] ==> [/root/Android/Sdk/ndk-bundle/toolchains/arm-linux-androideabi-4.9/prebuilt/linux-x86_64/arm-linux-androideabi/lib]
  collapse library dir [/root/Android/Sdk/ndk-bundle/platforms/android-21/arch-arm/usr/lib] ==> [/root/Android/Sdk/ndk-bundle/platforms/android-21/arch-arm/usr/lib]
  implicit libs: [dl;c;dl]
  implicit dirs: [/root/Android/Sdk/ndk-bundle/toolchains/arm-linux-androideabi-4.9/prebuilt/linux-x86_64/lib/gcc/arm-linux-androideabi/4.9.x;/root/Android/Sdk/ndk-bundle/toolchains/arm-linux-androideabi-4.9/prebuilt/linux-x86_64/arm-linux-androideabi/lib;/root/Android/Sdk/ndk-bundle/platforms/android-21/arch-arm/usr/lib]
  implicit fwks: []


Determining if the CXX compiler works passed with the following output:
Change Dir: /home/source_codes/RunBuddy/RunBuddyExample/.externalNativeBuild/cmake/release/armeabi-v7a/CMakeFiles/CMakeTmp

Run Build Command:"/root/Android/Sdk/cmake/3.6.3155560/bin/ninja" "cmTC_6dee4"
[1/2] Building CXX object CMakeFiles/cmTC_6dee4.dir/testCXXCompiler.cxx.o
[2/2] Linking CXX executable cmTC_6dee4


Detecting CXX compiler ABI info compiled with the following output:
Change Dir: /home/source_codes/RunBuddy/RunBuddyExample/.externalNativeBuild/cmake/release/armeabi-v7a/CMakeFiles/CMakeTmp

Run Build Command:"/root/Android/Sdk/cmake/3.6.3155560/bin/ninja" "cmTC_63332"
[1/2] Building CXX object CMakeFiles/cmTC_63332.dir/CMakeCXXCompilerABI.cpp.o
[2/2] Linking CXX executable cmTC_63332
Android clang version 3.8.256229  (based on LLVM 3.8.256229)
Target: armv7-none-linux-android
Thread model: posix
InstalledDir: /root/Android/Sdk/ndk-bundle/toolchains/llvm/prebuilt/linux-x86_64/bin
Found candidate GCC installation: /root/Android/Sdk/ndk-bundle/toolchains/arm-linux-androideabi-4.9/prebuilt/linux-x86_64/lib/gcc/arm-linux-androideabi/4.9.x
Selected GCC installation: /root/Android/Sdk/ndk-bundle/toolchains/arm-linux-androideabi-4.9/prebuilt/linux-x86_64/lib/gcc/arm-linux-androideabi/4.9.x
Candidate multilib: .;@m32
Selected multilib: .;@m32
 "/root/Android/Sdk/ndk-bundle/toolchains/arm-linux-androideabi-4.9/prebuilt/linux-x86_64/lib/gcc/arm-linux-androideabi/4.9.x/../../../../arm-linux-androideabi/bin/ld" --sysroot=/root/Android/Sdk/ndk-bundle/platforms/android-21/arch-arm -pie -z relro -X --build-id --eh-frame-hdr -m armelf_linux_eabi -dynamic-linker /system/bin/linker -o cmTC_63332 /root/Android/Sdk/ndk-bundle/platforms/android-21/arch-arm/usr/lib/../lib/crtbegin_dynamic.o -L/root/Android/Sdk/ndk-bundle/toolchains/arm-linux-androideabi-4.9/prebuilt/linux-x86_64/lib/gcc/arm-linux-androideabi/4.9.x -L/root/Android/Sdk/ndk-bundle/toolchains/arm-linux-androideabi-4.9/prebuilt/linux-x86_64/lib/gcc/arm-linux-androideabi/4.9.x/../../../../arm-linux-androideabi/lib/../lib -L/root/Android/Sdk/ndk-bundle/platforms/android-21/arch-arm/usr/lib/../lib -L/root/Android/Sdk/ndk-bundle/toolchains/arm-linux-androideabi-4.9/prebuilt/linux-x86_64/lib/gcc/arm-linux-androideabi/4.9.x/../../../../arm-linux-androideabi/lib -L/root/Android/Sdk/ndk-bundle/platforms/android-21/arch-arm/usr/lib --build-id --warn-shared-textrel --fatal-warnings --fix-cortex-a8 --no-undefined -z noexecstack -z relro -z now --gc-sections -z nocopyreloc --build-id --warn-shared-textrel --fatal-warnings --fix-cortex-a8 --no-undefined -z noexecstack -z relro -z now --gc-sections -z nocopyreloc CMakeFiles/cmTC_63332.dir/CMakeCXXCompilerABI.cpp.o -lstdc++ -lm -lgcc -lgcc -ldl -lc -lgcc -lgcc -ldl /root/Android/Sdk/ndk-bundle/platforms/android-21/arch-arm/usr/lib/../lib/crtend_android.o


Parsed CXX implicit link information from above output:
  link line regex: [^( *|.*[/\])(arm-linux-androideabi-ld|([^/\]+-)?ld|collect2)[^/\]*( |$)]
  ignore line: [Change Dir: /home/source_codes/RunBuddy/RunBuddyExample/.externalNativeBuild/cmake/release/armeabi-v7a/CMakeFiles/CMakeTmp]
  ignore line: []
  ignore line: [Run Build Command:"/root/Android/Sdk/cmake/3.6.3155560/bin/ninja" "cmTC_63332"]
  ignore line: [[1/2] Building CXX object CMakeFiles/cmTC_63332.dir/CMakeCXXCompilerABI.cpp.o]
  ignore line: [[2/2] Linking CXX executable cmTC_63332]
  ignore line: [Android clang version 3.8.256229  (based on LLVM 3.8.256229)]
  ignore line: [Target: armv7-none-linux-android]
  ignore line: [Thread model: posix]
  ignore line: [InstalledDir: /root/Android/Sdk/ndk-bundle/toolchains/llvm/prebuilt/linux-x86_64/bin]
  ignore line: [Found candidate GCC installation: /root/Android/Sdk/ndk-bundle/toolchains/arm-linux-androideabi-4.9/prebuilt/linux-x86_64/lib/gcc/arm-linux-androideabi/4.9.x]
  ignore line: [Selected GCC installation: /root/Android/Sdk/ndk-bundle/toolchains/arm-linux-androideabi-4.9/prebuilt/linux-x86_64/lib/gcc/arm-linux-androideabi/4.9.x]
  ignore line: [Candidate multilib: .]
  ignore line: [@m32]
  ignore line: [Selected multilib: .]
  ignore line: [@m32]
  link line: [ "/root/Android/Sdk/ndk-bundle/toolchains/arm-linux-androideabi-4.9/prebuilt/linux-x86_64/lib/gcc/arm-linux-androideabi/4.9.x/../../../../arm-linux-androideabi/bin/ld" --sysroot=/root/Android/Sdk/ndk-bundle/platforms/android-21/arch-arm -pie -z relro -X --build-id --eh-frame-hdr -m armelf_linux_eabi -dynamic-linker /system/bin/linker -o cmTC_63332 /root/Android/Sdk/ndk-bundle/platforms/android-21/arch-arm/usr/lib/../lib/crtbegin_dynamic.o -L/root/Android/Sdk/ndk-bundle/toolchains/arm-linux-androideabi-4.9/prebuilt/linux-x86_64/lib/gcc/arm-linux-androideabi/4.9.x -L/root/Android/Sdk/ndk-bundle/toolchains/arm-linux-androideabi-4.9/prebuilt/linux-x86_64/lib/gcc/arm-linux-androideabi/4.9.x/../../../../arm-linux-androideabi/lib/../lib -L/root/Android/Sdk/ndk-bundle/platforms/android-21/arch-arm/usr/lib/../lib -L/root/Android/Sdk/ndk-bundle/toolchains/arm-linux-androideabi-4.9/prebuilt/linux-x86_64/lib/gcc/arm-linux-androideabi/4.9.x/../../../../arm-linux-androideabi/lib -L/root/Android/Sdk/ndk-bundle/platforms/android-21/arch-arm/usr/lib --build-id --warn-shared-textrel --fatal-warnings --fix-cortex-a8 --no-undefined -z noexecstack -z relro -z now --gc-sections -z nocopyreloc --build-id --warn-shared-textrel --fatal-warnings --fix-cortex-a8 --no-undefined -z noexecstack -z relro -z now --gc-sections -z nocopyreloc CMakeFiles/cmTC_63332.dir/CMakeCXXCompilerABI.cpp.o -lstdc++ -lm -lgcc -lgcc -ldl -lc -lgcc -lgcc -ldl /root/Android/Sdk/ndk-bundle/platforms/android-21/arch-arm/usr/lib/../lib/crtend_android.o]
    arg [/root/Android/Sdk/ndk-bundle/toolchains/arm-linux-androideabi-4.9/prebuilt/linux-x86_64/lib/gcc/arm-linux-androideabi/4.9.x/../../../../arm-linux-androideabi/bin/ld] ==> ignore
    arg [--sysroot=/root/Android/Sdk/ndk-bundle/platforms/android-21/arch-arm] ==> ignore
    arg [-pie] ==> ignore
    arg [-zrelro] ==> ignore
    arg [-X] ==> ignore
    arg [--build-id] ==> ignore
    arg [--eh-frame-hdr] ==> ignore
    arg [-m] ==> ignore
    arg [armelf_linux_eabi] ==> ignore
    arg [-dynamic-linker] ==> ignore
    arg [/system/bin/linker] ==> ignore
    arg [-o] ==> ignore
    arg [cmTC_63332] ==> ignore
    arg [/root/Android/Sdk/ndk-bundle/platforms/android-21/arch-arm/usr/lib/../lib/crtbegin_dynamic.o] ==> ignore
    arg [-L/root/Android/Sdk/ndk-bundle/toolchains/arm-linux-androideabi-4.9/prebuilt/linux-x86_64/lib/gcc/arm-linux-androideabi/4.9.x] ==> dir [/root/Android/Sdk/ndk-bundle/toolchains/arm-linux-androideabi-4.9/prebuilt/linux-x86_64/lib/gcc/arm-linux-androideabi/4.9.x]
    arg [-L/root/Android/Sdk/ndk-bundle/toolchains/arm-linux-androideabi-4.9/prebuilt/linux-x86_64/lib/gcc/arm-linux-androideabi/4.9.x/../../../../arm-linux-androideabi/lib/../lib] ==> dir [/root/Android/Sdk/ndk-bundle/toolchains/arm-linux-androideabi-4.9/prebuilt/linux-x86_64/lib/gcc/arm-linux-androideabi/4.9.x/../../../../arm-linux-androideabi/lib/../lib]
    arg [-L/root/Android/Sdk/ndk-bundle/platforms/android-21/arch-arm/usr/lib/../lib] ==> dir [/root/Android/Sdk/ndk-bundle/platforms/android-21/arch-arm/usr/lib/../lib]
    arg [-L/root/Android/Sdk/ndk-bundle/toolchains/arm-linux-androideabi-4.9/prebuilt/linux-x86_64/lib/gcc/arm-linux-androideabi/4.9.x/../../../../arm-linux-androideabi/lib] ==> dir [/root/Android/Sdk/ndk-bundle/toolchains/arm-linux-androideabi-4.9/prebuilt/linux-x86_64/lib/gcc/arm-linux-androideabi/4.9.x/../../../../arm-linux-androideabi/lib]
    arg [-L/root/Android/Sdk/ndk-bundle/platforms/android-21/arch-arm/usr/lib] ==> dir [/root/Android/Sdk/ndk-bundle/platforms/android-21/arch-arm/usr/lib]
    arg [--build-id] ==> ignore
    arg [--warn-shared-textrel] ==> ignore
    arg [--fatal-warnings] ==> ignore
    arg [--fix-cortex-a8] ==> ignore
    arg [--no-undefined] ==> ignore
    arg [-znoexecstack] ==> ignore
    arg [-zrelro] ==> ignore
    arg [-znow] ==> ignore
    arg [--gc-sections] ==> ignore
    arg [-znocopyreloc] ==> ignore
    arg [--build-id] ==> ignore
    arg [--warn-shared-textrel] ==> ignore
    arg [--fatal-warnings] ==> ignore
    arg [--fix-cortex-a8] ==> ignore
    arg [--no-undefined] ==> ignore
    arg [-znoexecstack] ==> ignore
    arg [-zrelro] ==> ignore
    arg [-znow] ==> ignore
    arg [--gc-sections] ==> ignore
    arg [-znocopyreloc] ==> ignore
    arg [CMakeFiles/cmTC_63332.dir/CMakeCXXCompilerABI.cpp.o] ==> ignore
    arg [-lstdc++] ==> lib [stdc++]
    arg [-lm] ==> lib [m]
    arg [-lgcc] ==> lib [gcc]
    arg [-lgcc] ==> lib [gcc]
    arg [-ldl] ==> lib [dl]
    arg [-lc] ==> lib [c]
    arg [-lgcc] ==> lib [gcc]
    arg [-lgcc] ==> lib [gcc]
    arg [-ldl] ==> lib [dl]
    arg [/root/Android/Sdk/ndk-bundle/platforms/android-21/arch-arm/usr/lib/../lib/crtend_android.o] ==> ignore
  remove lib [gcc]
  remove lib [gcc]
  remove lib [gcc]
  remove lib [gcc]
  collapse library dir [/root/Android/Sdk/ndk-bundle/toolchains/arm-linux-androideabi-4.9/prebuilt/linux-x86_64/lib/gcc/arm-linux-androideabi/4.9.x] ==> [/root/Android/Sdk/ndk-bundle/toolchains/arm-linux-androideabi-4.9/prebuilt/linux-x86_64/lib/gcc/arm-linux-androideabi/4.9.x]
  collapse library dir [/root/Android/Sdk/ndk-bundle/toolchains/arm-linux-androideabi-4.9/prebuilt/linux-x86_64/lib/gcc/arm-linux-androideabi/4.9.x/../../../../arm-linux-androideabi/lib/../lib] ==> [/root/Android/Sdk/ndk-bundle/toolchains/arm-linux-androideabi-4.9/prebuilt/linux-x86_64/arm-linux-androideabi/lib]
  collapse library dir [/root/Android/Sdk/ndk-bundle/platforms/android-21/arch-arm/usr/lib/../lib] ==> [/root/Android/Sdk/ndk-bundle/platforms/android-21/arch-arm/usr/lib]
  collapse library dir [/root/Android/Sdk/ndk-bundle/toolchains/arm-linux-androideabi-4.9/prebuilt/linux-x86_64/lib/gcc/arm-linux-androideabi/4.9.x/../../../../arm-linux-androideabi/lib] ==> [/root/Android/Sdk/ndk-bundle/toolchains/arm-linux-androideabi-4.9/prebuilt/linux-x86_64/arm-linux-androideabi/lib]
  collapse library dir [/root/Android/Sdk/ndk-bundle/platforms/android-21/arch-arm/usr/lib] ==> [/root/Android/Sdk/ndk-bundle/platforms/android-21/arch-arm/usr/lib]
  implicit libs: [stdc++;m;dl;c;dl]
  implicit dirs: [/root/Android/Sdk/ndk-bundle/toolchains/arm-linux-androideabi-4.9/prebuilt/linux-x86_64/lib/gcc/arm-linux-androideabi/4.9.x;/root/Android/Sdk/ndk-bundle/toolchains/arm-linux-androideabi-4.9/prebuilt/linux-x86_64/arm-linux-androideabi/lib;/root/Android/Sdk/ndk-bundle/platforms/android-21/arch-arm/usr/lib]
  implicit fwks: []


