The target system is: Android - 21 - mips
The host system is: Linux - 4.4.0-47-generic - x86_64
Determining if the C compiler works passed with the following output:
Change Dir: /home/source_codes/RunBuddy/RunBuddyExample/.externalNativeBuild/cmake/debug/mips/CMakeFiles/CMakeTmp

Run Build Command:"/root/Android/Sdk/cmake/3.6.3155560/bin/ninja" "cmTC_2f751"
[1/2] Building C object CMakeFiles/cmTC_2f751.dir/testCCompiler.c.o
[2/2] Linking C executable cmTC_2f751


Detecting C compiler ABI info compiled with the following output:
Change Dir: /home/source_codes/RunBuddy/RunBuddyExample/.externalNativeBuild/cmake/debug/mips/CMakeFiles/CMakeTmp

Run Build Command:"/root/Android/Sdk/cmake/3.6.3155560/bin/ninja" "cmTC_93bfe"
[1/2] Building C object CMakeFiles/cmTC_93bfe.dir/CMakeCCompilerABI.c.o
[2/2] Linking C executable cmTC_93bfe
Android clang version 3.8.256229  (based on LLVM 3.8.256229)
Target: mipsel-none-linux-android
Thread model: posix
InstalledDir: /root/Android/Sdk/ndk-bundle/toolchains/llvm/prebuilt/linux-x86_64/bin
Found candidate GCC installation: /root/Android/Sdk/ndk-bundle/toolchains/mipsel-linux-android-4.9/prebuilt/linux-x86_64/lib/gcc/mipsel-linux-android/4.9.x
Selected GCC installation: /root/Android/Sdk/ndk-bundle/toolchains/mipsel-linux-android-4.9/prebuilt/linux-x86_64/lib/gcc/mipsel-linux-android/4.9.x
Candidate multilib: mips-r6;@march=mips32r6
Candidate multilib: mips-r2;@march=mips32r2
Candidate multilib: .;
Selected multilib: .;
 "/root/Android/Sdk/ndk-bundle/toolchains/mipsel-linux-android-4.9/prebuilt/linux-x86_64/lib/gcc/mipsel-linux-android/4.9.x/../../../../mipsel-linux-android/bin/ld" --sysroot=/root/Android/Sdk/ndk-bundle/platforms/android-21/arch-mips -pie -z relro --sysroot=/root/Android/Sdk/ndk-bundle/platforms/android-21/arch-mips --build-id --eh-frame-hdr -m elf32ltsmip -dynamic-linker /system/bin/linker -o cmTC_93bfe /root/Android/Sdk/ndk-bundle/platforms/android-21/arch-mips/usr/lib/../lib/crtbegin_dynamic.o -L/root/Android/Sdk/ndk-bundle/toolchains/mipsel-linux-android-4.9/prebuilt/linux-x86_64/lib/gcc/mipsel-linux-android/4.9.x -L/root/Android/Sdk/ndk-bundle/toolchains/mipsel-linux-android-4.9/prebuilt/linux-x86_64/lib/gcc/mipsel-linux-android/4.9.x/../../../../mipsel-linux-android/lib/../lib -L/root/Android/Sdk/ndk-bundle/platforms/android-21/arch-mips/usr/lib/../lib -L/root/Android/Sdk/ndk-bundle/toolchains/mipsel-linux-android-4.9/prebuilt/linux-x86_64/lib/gcc/mipsel-linux-android/4.9.x/../../../../mipsel-linux-android/lib -L/root/Android/Sdk/ndk-bundle/platforms/android-21/arch-mips/usr/lib --build-id --warn-shared-textrel --fatal-warnings --no-undefined -z noexecstack -z relro -z now --gc-sections -z nocopyreloc --build-id --warn-shared-textrel --fatal-warnings --no-undefined -z noexecstack -z relro -z now --gc-sections -z nocopyreloc CMakeFiles/cmTC_93bfe.dir/CMakeCCompilerABI.c.o -lgcc -ldl -lc -lgcc -ldl /root/Android/Sdk/ndk-bundle/platforms/android-21/arch-mips/usr/lib/../lib/crtend_android.o


Parsed C implicit link information from above output:
  link line regex: [^( *|.*[/\])(mipsel-linux-android-ld|([^/\]+-)?ld|collect2)[^/\]*( |$)]
  ignore line: [Change Dir: /home/source_codes/RunBuddy/RunBuddyExample/.externalNativeBuild/cmake/debug/mips/CMakeFiles/CMakeTmp]
  ignore line: []
  ignore line: [Run Build Command:"/root/Android/Sdk/cmake/3.6.3155560/bin/ninja" "cmTC_93bfe"]
  ignore line: [[1/2] Building C object CMakeFiles/cmTC_93bfe.dir/CMakeCCompilerABI.c.o]
  ignore line: [[2/2] Linking C executable cmTC_93bfe]
  ignore line: [Android clang version 3.8.256229  (based on LLVM 3.8.256229)]
  ignore line: [Target: mipsel-none-linux-android]
  ignore line: [Thread model: posix]
  ignore line: [InstalledDir: /root/Android/Sdk/ndk-bundle/toolchains/llvm/prebuilt/linux-x86_64/bin]
  ignore line: [Found candidate GCC installation: /root/Android/Sdk/ndk-bundle/toolchains/mipsel-linux-android-4.9/prebuilt/linux-x86_64/lib/gcc/mipsel-linux-android/4.9.x]
  ignore line: [Selected GCC installation: /root/Android/Sdk/ndk-bundle/toolchains/mipsel-linux-android-4.9/prebuilt/linux-x86_64/lib/gcc/mipsel-linux-android/4.9.x]
  ignore line: [Candidate multilib: mips-r6]
  ignore line: [@march=mips32r6]
  ignore line: [Candidate multilib: mips-r2]
  ignore line: [@march=mips32r2]
  ignore line: [Candidate multilib: .]
  ignore line: []
  ignore line: [Selected multilib: .]
  ignore line: []
  link line: [ "/root/Android/Sdk/ndk-bundle/toolchains/mipsel-linux-android-4.9/prebuilt/linux-x86_64/lib/gcc/mipsel-linux-android/4.9.x/../../../../mipsel-linux-android/bin/ld" --sysroot=/root/Android/Sdk/ndk-bundle/platforms/android-21/arch-mips -pie -z relro --sysroot=/root/Android/Sdk/ndk-bundle/platforms/android-21/arch-mips --build-id --eh-frame-hdr -m elf32ltsmip -dynamic-linker /system/bin/linker -o cmTC_93bfe /root/Android/Sdk/ndk-bundle/platforms/android-21/arch-mips/usr/lib/../lib/crtbegin_dynamic.o -L/root/Android/Sdk/ndk-bundle/toolchains/mipsel-linux-android-4.9/prebuilt/linux-x86_64/lib/gcc/mipsel-linux-android/4.9.x -L/root/Android/Sdk/ndk-bundle/toolchains/mipsel-linux-android-4.9/prebuilt/linux-x86_64/lib/gcc/mipsel-linux-android/4.9.x/../../../../mipsel-linux-android/lib/../lib -L/root/Android/Sdk/ndk-bundle/platforms/android-21/arch-mips/usr/lib/../lib -L/root/Android/Sdk/ndk-bundle/toolchains/mipsel-linux-android-4.9/prebuilt/linux-x86_64/lib/gcc/mipsel-linux-android/4.9.x/../../../../mipsel-linux-android/lib -L/root/Android/Sdk/ndk-bundle/platforms/android-21/arch-mips/usr/lib --build-id --warn-shared-textrel --fatal-warnings --no-undefined -z noexecstack -z relro -z now --gc-sections -z nocopyreloc --build-id --warn-shared-textrel --fatal-warnings --no-undefined -z noexecstack -z relro -z now --gc-sections -z nocopyreloc CMakeFiles/cmTC_93bfe.dir/CMakeCCompilerABI.c.o -lgcc -ldl -lc -lgcc -ldl /root/Android/Sdk/ndk-bundle/platforms/android-21/arch-mips/usr/lib/../lib/crtend_android.o]
    arg [/root/Android/Sdk/ndk-bundle/toolchains/mipsel-linux-android-4.9/prebuilt/linux-x86_64/lib/gcc/mipsel-linux-android/4.9.x/../../../../mipsel-linux-android/bin/ld] ==> ignore
    arg [--sysroot=/root/Android/Sdk/ndk-bundle/platforms/android-21/arch-mips] ==> ignore
    arg [-pie] ==> ignore
    arg [-zrelro] ==> ignore
    arg [--sysroot=/root/Android/Sdk/ndk-bundle/platforms/android-21/arch-mips] ==> ignore
    arg [--build-id] ==> ignore
    arg [--eh-frame-hdr] ==> ignore
    arg [-m] ==> ignore
    arg [elf32ltsmip] ==> ignore
    arg [-dynamic-linker] ==> ignore
    arg [/system/bin/linker] ==> ignore
    arg [-o] ==> ignore
    arg [cmTC_93bfe] ==> ignore
    arg [/root/Android/Sdk/ndk-bundle/platforms/android-21/arch-mips/usr/lib/../lib/crtbegin_dynamic.o] ==> ignore
    arg [-L/root/Android/Sdk/ndk-bundle/toolchains/mipsel-linux-android-4.9/prebuilt/linux-x86_64/lib/gcc/mipsel-linux-android/4.9.x] ==> dir [/root/Android/Sdk/ndk-bundle/toolchains/mipsel-linux-android-4.9/prebuilt/linux-x86_64/lib/gcc/mipsel-linux-android/4.9.x]
    arg [-L/root/Android/Sdk/ndk-bundle/toolchains/mipsel-linux-android-4.9/prebuilt/linux-x86_64/lib/gcc/mipsel-linux-android/4.9.x/../../../../mipsel-linux-android/lib/../lib] ==> dir [/root/Android/Sdk/ndk-bundle/toolchains/mipsel-linux-android-4.9/prebuilt/linux-x86_64/lib/gcc/mipsel-linux-android/4.9.x/../../../../mipsel-linux-android/lib/../lib]
    arg [-L/root/Android/Sdk/ndk-bundle/platforms/android-21/arch-mips/usr/lib/../lib] ==> dir [/root/Android/Sdk/ndk-bundle/platforms/android-21/arch-mips/usr/lib/../lib]
    arg [-L/root/Android/Sdk/ndk-bundle/toolchains/mipsel-linux-android-4.9/prebuilt/linux-x86_64/lib/gcc/mipsel-linux-android/4.9.x/../../../../mipsel-linux-android/lib] ==> dir [/root/Android/Sdk/ndk-bundle/toolchains/mipsel-linux-android-4.9/prebuilt/linux-x86_64/lib/gcc/mipsel-linux-android/4.9.x/../../../../mipsel-linux-android/lib]
    arg [-L/root/Android/Sdk/ndk-bundle/platforms/android-21/arch-mips/usr/lib] ==> dir [/root/Android/Sdk/ndk-bundle/platforms/android-21/arch-mips/usr/lib]
    arg [--build-id] ==> ignore
    arg [--warn-shared-textrel] ==> ignore
    arg [--fatal-warnings] ==> ignore
    arg [--no-undefined] ==> ignore
    arg [-znoexecstack] ==> ignore
    arg [-zrelro] ==> ignore
    arg [-znow] ==> ignore
    arg [--gc-sections] ==> ignore
    arg [-znocopyreloc] ==> ignore
    arg [--build-id] ==> ignore
    arg [--warn-shared-textrel] ==> ignore
    arg [--fatal-warnings] ==> ignore
    arg [--no-undefined] ==> ignore
    arg [-znoexecstack] ==> ignore
    arg [-zrelro] ==> ignore
    arg [-znow] ==> ignore
    arg [--gc-sections] ==> ignore
    arg [-znocopyreloc] ==> ignore
    arg [CMakeFiles/cmTC_93bfe.dir/CMakeCCompilerABI.c.o] ==> ignore
    arg [-lgcc] ==> lib [gcc]
    arg [-ldl] ==> lib [dl]
    arg [-lc] ==> lib [c]
    arg [-lgcc] ==> lib [gcc]
    arg [-ldl] ==> lib [dl]
    arg [/root/Android/Sdk/ndk-bundle/platforms/android-21/arch-mips/usr/lib/../lib/crtend_android.o] ==> ignore
  remove lib [gcc]
  remove lib [gcc]
  collapse library dir [/root/Android/Sdk/ndk-bundle/toolchains/mipsel-linux-android-4.9/prebuilt/linux-x86_64/lib/gcc/mipsel-linux-android/4.9.x] ==> [/root/Android/Sdk/ndk-bundle/toolchains/mipsel-linux-android-4.9/prebuilt/linux-x86_64/lib/gcc/mipsel-linux-android/4.9.x]
  collapse library dir [/root/Android/Sdk/ndk-bundle/toolchains/mipsel-linux-android-4.9/prebuilt/linux-x86_64/lib/gcc/mipsel-linux-android/4.9.x/../../../../mipsel-linux-android/lib/../lib] ==> [/root/Android/Sdk/ndk-bundle/toolchains/mipsel-linux-android-4.9/prebuilt/linux-x86_64/mipsel-linux-android/lib]
  collapse library dir [/root/Android/Sdk/ndk-bundle/platforms/android-21/arch-mips/usr/lib/../lib] ==> [/root/Android/Sdk/ndk-bundle/platforms/android-21/arch-mips/usr/lib]
  collapse library dir [/root/Android/Sdk/ndk-bundle/toolchains/mipsel-linux-android-4.9/prebuilt/linux-x86_64/lib/gcc/mipsel-linux-android/4.9.x/../../../../mipsel-linux-android/lib] ==> [/root/Android/Sdk/ndk-bundle/toolchains/mipsel-linux-android-4.9/prebuilt/linux-x86_64/mipsel-linux-android/lib]
  collapse library dir [/root/Android/Sdk/ndk-bundle/platforms/android-21/arch-mips/usr/lib] ==> [/root/Android/Sdk/ndk-bundle/platforms/android-21/arch-mips/usr/lib]
  implicit libs: [dl;c;dl]
  implicit dirs: [/root/Android/Sdk/ndk-bundle/toolchains/mipsel-linux-android-4.9/prebuilt/linux-x86_64/lib/gcc/mipsel-linux-android/4.9.x;/root/Android/Sdk/ndk-bundle/toolchains/mipsel-linux-android-4.9/prebuilt/linux-x86_64/mipsel-linux-android/lib;/root/Android/Sdk/ndk-bundle/platforms/android-21/arch-mips/usr/lib]
  implicit fwks: []


Determining if the CXX compiler works passed with the following output:
Change Dir: /home/source_codes/RunBuddy/RunBuddyExample/.externalNativeBuild/cmake/debug/mips/CMakeFiles/CMakeTmp

Run Build Command:"/root/Android/Sdk/cmake/3.6.3155560/bin/ninja" "cmTC_3bbbd"
[1/2] Building CXX object CMakeFiles/cmTC_3bbbd.dir/testCXXCompiler.cxx.o
[2/2] Linking CXX executable cmTC_3bbbd


Detecting CXX compiler ABI info compiled with the following output:
Change Dir: /home/source_codes/RunBuddy/RunBuddyExample/.externalNativeBuild/cmake/debug/mips/CMakeFiles/CMakeTmp

Run Build Command:"/root/Android/Sdk/cmake/3.6.3155560/bin/ninja" "cmTC_21725"
[1/2] Building CXX object CMakeFiles/cmTC_21725.dir/CMakeCXXCompilerABI.cpp.o
[2/2] Linking CXX executable cmTC_21725
Android clang version 3.8.256229  (based on LLVM 3.8.256229)
Target: mipsel-none-linux-android
Thread model: posix
InstalledDir: /root/Android/Sdk/ndk-bundle/toolchains/llvm/prebuilt/linux-x86_64/bin
Found candidate GCC installation: /root/Android/Sdk/ndk-bundle/toolchains/mipsel-linux-android-4.9/prebuilt/linux-x86_64/lib/gcc/mipsel-linux-android/4.9.x
Selected GCC installation: /root/Android/Sdk/ndk-bundle/toolchains/mipsel-linux-android-4.9/prebuilt/linux-x86_64/lib/gcc/mipsel-linux-android/4.9.x
Candidate multilib: mips-r6;@march=mips32r6
Candidate multilib: mips-r2;@march=mips32r2
Candidate multilib: .;
Selected multilib: .;
 "/root/Android/Sdk/ndk-bundle/toolchains/mipsel-linux-android-4.9/prebuilt/linux-x86_64/lib/gcc/mipsel-linux-android/4.9.x/../../../../mipsel-linux-android/bin/ld" --sysroot=/root/Android/Sdk/ndk-bundle/platforms/android-21/arch-mips -pie -z relro --sysroot=/root/Android/Sdk/ndk-bundle/platforms/android-21/arch-mips --build-id --eh-frame-hdr -m elf32ltsmip -dynamic-linker /system/bin/linker -o cmTC_21725 /root/Android/Sdk/ndk-bundle/platforms/android-21/arch-mips/usr/lib/../lib/crtbegin_dynamic.o -L/root/Android/Sdk/ndk-bundle/toolchains/mipsel-linux-android-4.9/prebuilt/linux-x86_64/lib/gcc/mipsel-linux-android/4.9.x -L/root/Android/Sdk/ndk-bundle/toolchains/mipsel-linux-android-4.9/prebuilt/linux-x86_64/lib/gcc/mipsel-linux-android/4.9.x/../../../../mipsel-linux-android/lib/../lib -L/root/Android/Sdk/ndk-bundle/platforms/android-21/arch-mips/usr/lib/../lib -L/root/Android/Sdk/ndk-bundle/toolchains/mipsel-linux-android-4.9/prebuilt/linux-x86_64/lib/gcc/mipsel-linux-android/4.9.x/../../../../mipsel-linux-android/lib -L/root/Android/Sdk/ndk-bundle/platforms/android-21/arch-mips/usr/lib --build-id --warn-shared-textrel --fatal-warnings --no-undefined -z noexecstack -z relro -z now --gc-sections -z nocopyreloc --build-id --warn-shared-textrel --fatal-warnings --no-undefined -z noexecstack -z relro -z now --gc-sections -z nocopyreloc CMakeFiles/cmTC_21725.dir/CMakeCXXCompilerABI.cpp.o -lstdc++ -lm -lgcc -lgcc -ldl -lc -lgcc -lgcc -ldl /root/Android/Sdk/ndk-bundle/platforms/android-21/arch-mips/usr/lib/../lib/crtend_android.o


Parsed CXX implicit link information from above output:
  link line regex: [^( *|.*[/\])(mipsel-linux-android-ld|([^/\]+-)?ld|collect2)[^/\]*( |$)]
  ignore line: [Change Dir: /home/source_codes/RunBuddy/RunBuddyExample/.externalNativeBuild/cmake/debug/mips/CMakeFiles/CMakeTmp]
  ignore line: []
  ignore line: [Run Build Command:"/root/Android/Sdk/cmake/3.6.3155560/bin/ninja" "cmTC_21725"]
  ignore line: [[1/2] Building CXX object CMakeFiles/cmTC_21725.dir/CMakeCXXCompilerABI.cpp.o]
  ignore line: [[2/2] Linking CXX executable cmTC_21725]
  ignore line: [Android clang version 3.8.256229  (based on LLVM 3.8.256229)]
  ignore line: [Target: mipsel-none-linux-android]
  ignore line: [Thread model: posix]
  ignore line: [InstalledDir: /root/Android/Sdk/ndk-bundle/toolchains/llvm/prebuilt/linux-x86_64/bin]
  ignore line: [Found candidate GCC installation: /root/Android/Sdk/ndk-bundle/toolchains/mipsel-linux-android-4.9/prebuilt/linux-x86_64/lib/gcc/mipsel-linux-android/4.9.x]
  ignore line: [Selected GCC installation: /root/Android/Sdk/ndk-bundle/toolchains/mipsel-linux-android-4.9/prebuilt/linux-x86_64/lib/gcc/mipsel-linux-android/4.9.x]
  ignore line: [Candidate multilib: mips-r6]
  ignore line: [@march=mips32r6]
  ignore line: [Candidate multilib: mips-r2]
  ignore line: [@march=mips32r2]
  ignore line: [Candidate multilib: .]
  ignore line: []
  ignore line: [Selected multilib: .]
  ignore line: []
  link line: [ "/root/Android/Sdk/ndk-bundle/toolchains/mipsel-linux-android-4.9/prebuilt/linux-x86_64/lib/gcc/mipsel-linux-android/4.9.x/../../../../mipsel-linux-android/bin/ld" --sysroot=/root/Android/Sdk/ndk-bundle/platforms/android-21/arch-mips -pie -z relro --sysroot=/root/Android/Sdk/ndk-bundle/platforms/android-21/arch-mips --build-id --eh-frame-hdr -m elf32ltsmip -dynamic-linker /system/bin/linker -o cmTC_21725 /root/Android/Sdk/ndk-bundle/platforms/android-21/arch-mips/usr/lib/../lib/crtbegin_dynamic.o -L/root/Android/Sdk/ndk-bundle/toolchains/mipsel-linux-android-4.9/prebuilt/linux-x86_64/lib/gcc/mipsel-linux-android/4.9.x -L/root/Android/Sdk/ndk-bundle/toolchains/mipsel-linux-android-4.9/prebuilt/linux-x86_64/lib/gcc/mipsel-linux-android/4.9.x/../../../../mipsel-linux-android/lib/../lib -L/root/Android/Sdk/ndk-bundle/platforms/android-21/arch-mips/usr/lib/../lib -L/root/Android/Sdk/ndk-bundle/toolchains/mipsel-linux-android-4.9/prebuilt/linux-x86_64/lib/gcc/mipsel-linux-android/4.9.x/../../../../mipsel-linux-android/lib -L/root/Android/Sdk/ndk-bundle/platforms/android-21/arch-mips/usr/lib --build-id --warn-shared-textrel --fatal-warnings --no-undefined -z noexecstack -z relro -z now --gc-sections -z nocopyreloc --build-id --warn-shared-textrel --fatal-warnings --no-undefined -z noexecstack -z relro -z now --gc-sections -z nocopyreloc CMakeFiles/cmTC_21725.dir/CMakeCXXCompilerABI.cpp.o -lstdc++ -lm -lgcc -lgcc -ldl -lc -lgcc -lgcc -ldl /root/Android/Sdk/ndk-bundle/platforms/android-21/arch-mips/usr/lib/../lib/crtend_android.o]
    arg [/root/Android/Sdk/ndk-bundle/toolchains/mipsel-linux-android-4.9/prebuilt/linux-x86_64/lib/gcc/mipsel-linux-android/4.9.x/../../../../mipsel-linux-android/bin/ld] ==> ignore
    arg [--sysroot=/root/Android/Sdk/ndk-bundle/platforms/android-21/arch-mips] ==> ignore
    arg [-pie] ==> ignore
    arg [-zrelro] ==> ignore
    arg [--sysroot=/root/Android/Sdk/ndk-bundle/platforms/android-21/arch-mips] ==> ignore
    arg [--build-id] ==> ignore
    arg [--eh-frame-hdr] ==> ignore
    arg [-m] ==> ignore
    arg [elf32ltsmip] ==> ignore
    arg [-dynamic-linker] ==> ignore
    arg [/system/bin/linker] ==> ignore
    arg [-o] ==> ignore
    arg [cmTC_21725] ==> ignore
    arg [/root/Android/Sdk/ndk-bundle/platforms/android-21/arch-mips/usr/lib/../lib/crtbegin_dynamic.o] ==> ignore
    arg [-L/root/Android/Sdk/ndk-bundle/toolchains/mipsel-linux-android-4.9/prebuilt/linux-x86_64/lib/gcc/mipsel-linux-android/4.9.x] ==> dir [/root/Android/Sdk/ndk-bundle/toolchains/mipsel-linux-android-4.9/prebuilt/linux-x86_64/lib/gcc/mipsel-linux-android/4.9.x]
    arg [-L/root/Android/Sdk/ndk-bundle/toolchains/mipsel-linux-android-4.9/prebuilt/linux-x86_64/lib/gcc/mipsel-linux-android/4.9.x/../../../../mipsel-linux-android/lib/../lib] ==> dir [/root/Android/Sdk/ndk-bundle/toolchains/mipsel-linux-android-4.9/prebuilt/linux-x86_64/lib/gcc/mipsel-linux-android/4.9.x/../../../../mipsel-linux-android/lib/../lib]
    arg [-L/root/Android/Sdk/ndk-bundle/platforms/android-21/arch-mips/usr/lib/../lib] ==> dir [/root/Android/Sdk/ndk-bundle/platforms/android-21/arch-mips/usr/lib/../lib]
    arg [-L/root/Android/Sdk/ndk-bundle/toolchains/mipsel-linux-android-4.9/prebuilt/linux-x86_64/lib/gcc/mipsel-linux-android/4.9.x/../../../../mipsel-linux-android/lib] ==> dir [/root/Android/Sdk/ndk-bundle/toolchains/mipsel-linux-android-4.9/prebuilt/linux-x86_64/lib/gcc/mipsel-linux-android/4.9.x/../../../../mipsel-linux-android/lib]
    arg [-L/root/Android/Sdk/ndk-bundle/platforms/android-21/arch-mips/usr/lib] ==> dir [/root/Android/Sdk/ndk-bundle/platforms/android-21/arch-mips/usr/lib]
    arg [--build-id] ==> ignore
    arg [--warn-shared-textrel] ==> ignore
    arg [--fatal-warnings] ==> ignore
    arg [--no-undefined] ==> ignore
    arg [-znoexecstack] ==> ignore
    arg [-zrelro] ==> ignore
    arg [-znow] ==> ignore
    arg [--gc-sections] ==> ignore
    arg [-znocopyreloc] ==> ignore
    arg [--build-id] ==> ignore
    arg [--warn-shared-textrel] ==> ignore
    arg [--fatal-warnings] ==> ignore
    arg [--no-undefined] ==> ignore
    arg [-znoexecstack] ==> ignore
    arg [-zrelro] ==> ignore
    arg [-znow] ==> ignore
    arg [--gc-sections] ==> ignore
    arg [-znocopyreloc] ==> ignore
    arg [CMakeFiles/cmTC_21725.dir/CMakeCXXCompilerABI.cpp.o] ==> ignore
    arg [-lstdc++] ==> lib [stdc++]
    arg [-lm] ==> lib [m]
    arg [-lgcc] ==> lib [gcc]
    arg [-lgcc] ==> lib [gcc]
    arg [-ldl] ==> lib [dl]
    arg [-lc] ==> lib [c]
    arg [-lgcc] ==> lib [gcc]
    arg [-lgcc] ==> lib [gcc]
    arg [-ldl] ==> lib [dl]
    arg [/root/Android/Sdk/ndk-bundle/platforms/android-21/arch-mips/usr/lib/../lib/crtend_android.o] ==> ignore
  remove lib [gcc]
  remove lib [gcc]
  remove lib [gcc]
  remove lib [gcc]
  collapse library dir [/root/Android/Sdk/ndk-bundle/toolchains/mipsel-linux-android-4.9/prebuilt/linux-x86_64/lib/gcc/mipsel-linux-android/4.9.x] ==> [/root/Android/Sdk/ndk-bundle/toolchains/mipsel-linux-android-4.9/prebuilt/linux-x86_64/lib/gcc/mipsel-linux-android/4.9.x]
  collapse library dir [/root/Android/Sdk/ndk-bundle/toolchains/mipsel-linux-android-4.9/prebuilt/linux-x86_64/lib/gcc/mipsel-linux-android/4.9.x/../../../../mipsel-linux-android/lib/../lib] ==> [/root/Android/Sdk/ndk-bundle/toolchains/mipsel-linux-android-4.9/prebuilt/linux-x86_64/mipsel-linux-android/lib]
  collapse library dir [/root/Android/Sdk/ndk-bundle/platforms/android-21/arch-mips/usr/lib/../lib] ==> [/root/Android/Sdk/ndk-bundle/platforms/android-21/arch-mips/usr/lib]
  collapse library dir [/root/Android/Sdk/ndk-bundle/toolchains/mipsel-linux-android-4.9/prebuilt/linux-x86_64/lib/gcc/mipsel-linux-android/4.9.x/../../../../mipsel-linux-android/lib] ==> [/root/Android/Sdk/ndk-bundle/toolchains/mipsel-linux-android-4.9/prebuilt/linux-x86_64/mipsel-linux-android/lib]
  collapse library dir [/root/Android/Sdk/ndk-bundle/platforms/android-21/arch-mips/usr/lib] ==> [/root/Android/Sdk/ndk-bundle/platforms/android-21/arch-mips/usr/lib]
  implicit libs: [stdc++;m;dl;c;dl]
  implicit dirs: [/root/Android/Sdk/ndk-bundle/toolchains/mipsel-linux-android-4.9/prebuilt/linux-x86_64/lib/gcc/mipsel-linux-android/4.9.x;/root/Android/Sdk/ndk-bundle/toolchains/mipsel-linux-android-4.9/prebuilt/linux-x86_64/mipsel-linux-android/lib;/root/Android/Sdk/ndk-bundle/platforms/android-21/arch-mips/usr/lib]
  implicit fwks: []


